# JRE version: Java(TM) SE Runtime Environment (7.0_55-b14) (build 1.7.0_55-b14)
# Java VM: Java HotSpot(TM) Client VM (24.55-b03 mixed mode, sharing windows-x86 )
Heap
 def new generation   total 8960K, used 826K [0x22b40000, 0x234f0000, 0x28090000)
  eden space 8000K,  10% used [0x22b40000, 0x22c0ebb8, 0x23310000)
  from space 960K,   0% used [0x23310000, 0x23310000, 0x23400000)
  to   space 960K,   0% used [0x23400000, 0x23400000, 0x234f0000)
 tenured generation   total 19744K, used 11846K [0x28090000, 0x293d8000, 0x32b40000)
   the space 19744K,  59% used [0x28090000, 0x28c21820, 0x28c21a00, 0x293d8000)
 compacting perm gen  total 12288K, used 954K [0x32b40000, 0x33740000, 0x36b40000)
   the space 12288K,   7% used [0x32b40000, 0x32c2e898, 0x32c2ea00, 0x33740000)
    ro space 10240K,  41% used [0x36b40000, 0x36f724a8, 0x36f72600, 0x37540000)
    rw space 12288K,  52% used [0x37540000, 0x37b86da8, 0x37b86e00, 0x38140000)
GC Heap History (8 events):
Event: 0.304 GC heap before
{Heap before GC invocations=0 (full 0):
 def new generation   total 4928K, used 1372K [0x22b40000, 0x23090000, 0x28090000)
  eden space 4416K,  31% used [0x22b40000, 0x22c97038, 0x22f90000)
  from space 512K,   0% used [0x22f90000, 0x22f90000, 0x23010000)
  to   space 512K,   0% used [0x23010000, 0x23010000, 0x23090000)
 tenured generation   total 10944K, used 0K [0x28090000, 0x28b40000, 0x32b40000)
   the space 10944K,   0% used [0x28090000, 0x28090000, 0x28090200, 0x28b40000)
 compacting perm gen  total 12288K, used 699K [0x32b40000, 0x33740000, 0x36b40000)
   the space 12288K,   5% used [0x32b40000, 0x32beed58, 0x32beee00, 0x33740000)
    ro space 10240K,  41% used [0x36b40000, 0x36f724a8, 0x36f72600, 0x37540000)
    rw space 12288K,  52% used [0x37540000, 0x37b86da8, 0x37b86e00, 0x38140000)
Event: 0.311 GC heap after
Heap after GC invocations=1 (full 0):
 def new generation   total 4928K, used 512K [0x22b40000, 0x23090000, 0x28090000)
  eden space 4416K,   0% used [0x22b40000, 0x22b40000, 0x22f90000)
  from space 512K, 100% used [0x23010000, 0x23090000, 0x23090000)
  to   space 512K,   0% used [0x22f90000, 0x22f90000, 0x23010000)
 tenured generation   total 10944K, used 22K [0x28090000, 0x28b40000, 0x32b40000)
   the space 10944K,   0% used [0x28090000, 0x28095b88, 0x28095c00, 0x28b40000)
 compacting perm gen  total 12288K, used 699K [0x32b40000, 0x33740000, 0x36b40000)
   the space 12288K,   5% used [0x32b40000, 0x32beed58, 0x32beee00, 0x33740000)
    ro space 10240K,  41% used [0x36b40000, 0x36f724a8, 0x36f72600, 0x37540000)
    rw space 12288K,  52% used [0x37540000, 0x37b86da8, 0x37b86e00, 0x38140000)
}
Event: 1.251 GC heap before
{Heap before GC invocations=1 (full 0):
 def new generation   total 4928K, used 4928K [0x22b40000, 0x23090000, 0x28090000)
  eden space 4416K, 100% used [0x22b40000, 0x22f90000, 0x22f90000)
  from space 512K, 100% used [0x23010000, 0x23090000, 0x23090000)
  to   space 512K,   0% used [0x22f90000, 0x22f90000, 0x23010000)
 tenured generation   total 10944K, used 22K [0x28090000, 0x28b40000, 0x32b40000)
   the space 10944K,   0% used [0x28090000, 0x28095b88, 0x28095c00, 0x28b40000)
 compacting perm gen  total 12288K, used 767K [0x32b40000, 0x33740000, 0x36b40000)
   the space 12288K,   6% used [0x32b40000, 0x32bffd08, 0x32bffe00, 0x33740000)
    ro space 10240K,  41% used [0x36b40000, 0x36f724a8, 0x36f72600, 0x37540000)
    rw space 12288K,  52% used [0x37540000, 0x37b86da8, 0x37b86e00, 0x38140000)
Event: 1.264 GC heap after
Heap after GC invocations=2 (full 0):
 def new generation   total 4928K, used 87K [0x22b40000, 0x23090000, 0x28090000)
  eden space 4416K,   0% used [0x22b40000, 0x22b40000, 0x22f90000)
  from space 512K,  17% used [0x22f90000, 0x22fa5f48, 0x23010000)
  to   space 512K,   0% used [0x23010000, 0x23010000, 0x23090000)
 tenured generation   total 10944K, used 4388K [0x28090000, 0x28b40000, 0x32b40000)
   the space 10944K,  40% used [0x28090000, 0x284d9048, 0x284d9200, 0x28b40000)
 compacting perm gen  total 12288K, used 767K [0x32b40000, 0x33740000, 0x36b40000)
   the space 12288K,   6% used [0x32b40000, 0x32bffd08, 0x32bffe00, 0x33740000)
    ro space 10240K,  41% used [0x36b40000, 0x36f724a8, 0x36f72600, 0x37540000)
    rw space 12288K,  52% used [0x37540000, 0x37b86da8, 0x37b86e00, 0x38140000)
}
Event: 1.315 GC heap before
{Heap before GC invocations=2 (full 0):
 def new generation   total 4928K, used 4121K [0x22b40000, 0x23090000, 0x28090000)
  eden space 4416K,  91% used [0x22b40000, 0x22f30840, 0x22f90000)
  from space 512K,  17% used [0x22f90000, 0x22fa5f48, 0x23010000)
  to   space 512K,   0% used [0x23010000, 0x23010000, 0x23090000)
 tenured generation   total 10944K, used 4388K [0x28090000, 0x28b40000, 0x32b40000)
   the space 10944K,  40% used [0x28090000, 0x284d9048, 0x284d9200, 0x28b40000)
 compacting perm gen  total 12288K, used 833K [0x32b40000, 0x33740000, 0x36b40000)
   the space 12288K,   6% used [0x32b40000, 0x32c10508, 0x32c10600, 0x33740000)
    ro space 10240K,  41% used [0x36b40000, 0x36f724a8, 0x36f72600, 0x37540000)
    rw space 12288K,  52% used [0x37540000, 0x37b86da8, 0x37b86e00, 0x38140000)
Event: 1.325 GC heap after
Heap after GC invocations=3 (full 0):
 def new generation   total 4928K, used 118K [0x22b40000, 0x23090000, 0x28090000)
  eden space 4416K,   0% used [0x22b40000, 0x22b40000, 0x22f90000)
  from space 512K,  23% used [0x23010000, 0x2302dbc8, 0x23090000)
  to   space 512K,   0% used [0x22f90000, 0x22f90000, 0x23010000)
 tenured generation   total 10944K, used 8228K [0x28090000, 0x28b40000, 0x32b40000)
   the space 10944K,  75% used [0x28090000, 0x288993b8, 0x28899400, 0x28b40000)
 compacting perm gen  total 12288K, used 833K [0x32b40000, 0x33740000, 0x36b40000)
   the space 12288K,   6% used [0x32b40000, 0x32c10508, 0x32c10600, 0x33740000)
    ro space 10240K,  41% used [0x36b40000, 0x36f724a8, 0x36f72600, 0x37540000)
    rw space 12288K,  52% used [0x37540000, 0x37b86da8, 0x37b86e00, 0x38140000)
}
Event: 2.056 GC heap before
{Heap before GC invocations=3 (full 0):
 def new generation   total 4928K, used 4534K [0x22b40000, 0x23090000, 0x28090000)
  eden space 4416K, 100% used [0x22b40000, 0x22f90000, 0x22f90000)
  from space 512K,  23% used [0x23010000, 0x2302dbc8, 0x23090000)
  to   space 512K,   0% used [0x22f90000, 0x22f90000, 0x23010000)
 tenured generation   total 10944K, used 8228K [0x28090000, 0x28b40000, 0x32b40000)
   the space 10944K,  75% used [0x28090000, 0x288993b8, 0x28899400, 0x28b40000)
 compacting perm gen  total 12288K, used 953K [0x32b40000, 0x33740000, 0x36b40000)
   the space 12288K,   7% used [0x32b40000, 0x32c2e4b0, 0x32c2e600, 0x33740000)
    ro space 10240K,  41% used [0x36b40000, 0x36f724a8, 0x36f72600, 0x37540000)
    rw space 12288K,  52% used [0x37540000, 0x37b86da8, 0x37b86e00, 0x38140000)
Event: 2.090 GC heap after
Heap after GC invocations=4 (full 1):
 def new generation   total 8960K, used 0K [0x22b40000, 0x234f0000, 0x28090000)
  eden space 8000K,   0% used [0x22b40000, 0x22b40000, 0x23310000)
  from space 960K,   0% used [0x23310000, 0x23310000, 0x23400000)
  to   space 960K,   0% used [0x23400000, 0x23400000, 0x234f0000)
 tenured generation   total 19744K, used 11846K [0x28090000, 0x293d8000, 0x32b40000)
   the space 19744K,  59% used [0x28090000, 0x28c21820, 0x28c21a00, 0x293d8000)
 compacting perm gen  total 12288K, used 953K [0x32b40000, 0x33740000, 0x36b40000)
   the space 12288K,   7% used [0x32b40000, 0x32c2e4b0, 0x32c2e600, 0x33740000)
    ro space 10240K,  41% used [0x36b40000, 0x36f724a8, 0x36f72600, 0x37540000)
    rw space 12288K,  52% used [0x37540000, 0x37b86da8, 0x37b86e00, 0x38140000)
}

